This file contains any messages produced by compilers while
running configure, to aid debugging if configure makes a mistake.

It was created by configure, which was
generated by GNU Autoconf 2.61.  Invocation command line was

  $ /home/wil/Projects/dev/StackPack/configure 

## --------- ##
## Platform. ##
## --------- ##

hostname = williambell
uname -m = i686
uname -r = 2.6.27-9-generic
uname -s = Linux
uname -v = #1 SMP Thu Nov 20 21:57:00 UTC 2008

/usr/bin/uname -p = unknown
/bin/uname -X     = unknown

/bin/arch              = unknown
/usr/bin/arch -k       = unknown
/usr/convex/getsysinfo = unknown
/usr/bin/hostinfo      = unknown
/bin/machine           = unknown
/usr/bin/oslevel       = unknown
/bin/universe          = unknown

PATH: /usr/local/sbin
PATH: /usr/local/bin
PATH: /usr/sbin
PATH: /usr/bin
PATH: /sbin
PATH: /bin
PATH: /usr/games


## ----------- ##
## Core tests. ##
## ----------- ##

configure:2011: checking for a BSD-compatible install
configure:2067: result: /usr/bin/install -c
configure:2078: checking whether build environment is sane
configure:2121: result: yes
configure:2149: checking for a thread-safe mkdir -p
configure:2188: result: /bin/mkdir -p
configure:2201: checking for gawk
configure:2217: found /usr/bin/gawk
configure:2228: result: gawk
configure:2239: checking whether make sets $(MAKE)
configure:2260: result: yes
configure:2450: checking whether to enable maintainer-specific portions of Makefiles
configure:2459: result: no
configure:2485: checking for style of include used by make
configure:2513: result: GNU
configure:2583: checking for gcc
configure:2599: found /usr/bin/gcc
configure:2610: result: gcc
configure:2848: checking for C compiler version
configure:2855: gcc --version >&5
gcc (Ubuntu 4.3.2-1ubuntu11) 4.3.2
Copyright (C) 2008 Free Software Foundation, Inc.
This is free software; see the source for copying conditions.  There is NO
warranty; not even for MERCHANTABILITY or FITNESS FOR A PARTICULAR PURPOSE.

configure:2858: $? = 0
configure:2865: gcc -v >&5
Using built-in specs.
Target: i486-linux-gnu
Configured with: ../src/configure -v --with-pkgversion='Ubuntu 4.3.2-1ubuntu11' --with-bugurl=file:///usr/share/doc/gcc-4.3/README.Bugs --enable-languages=c,c++,fortran,objc,obj-c++ --prefix=/usr --enable-shared --with-system-zlib --libexecdir=/usr/lib --without-included-gettext --enable-threads=posix --enable-nls --with-gxx-include-dir=/usr/include/c++/4.3 --program-suffix=-4.3 --enable-clocale=gnu --enable-libstdcxx-debug --enable-objc-gc --enable-mpfr --enable-targets=all --enable-checking=release --build=i486-linux-gnu --host=i486-linux-gnu --target=i486-linux-gnu
Thread model: posix
gcc version 4.3.2 (Ubuntu 4.3.2-1ubuntu11) 
configure:2868: $? = 0
configure:2875: gcc -V >&5
gcc: '-V' option must have argument
configure:2878: $? = 1
configure:2901: checking for C compiler default output file name
configure:2928: gcc    conftest.c  >&5
configure:2931: $? = 0
configure:2969: result: a.out
configure:2986: checking whether the C compiler works
configure:2996: ./a.out
configure:2999: $? = 0
configure:3016: result: yes
configure:3023: checking whether we are cross compiling
configure:3025: result: no
configure:3028: checking for suffix of executables
configure:3035: gcc -o conftest    conftest.c  >&5
configure:3038: $? = 0
configure:3062: result: 
configure:3068: checking for suffix of object files
configure:3094: gcc -c   conftest.c >&5
configure:3097: $? = 0
configure:3120: result: o
configure:3124: checking whether we are using the GNU C compiler
configure:3153: gcc -c   conftest.c >&5
configure:3159: $? = 0
configure:3176: result: yes
configure:3181: checking whether gcc accepts -g
configure:3211: gcc -c -g  conftest.c >&5
configure:3217: $? = 0
configure:3316: result: yes
configure:3333: checking for gcc option to accept ISO C89
configure:3407: gcc  -c -g -O2  conftest.c >&5
configure:3413: $? = 0
configure:3436: result: none needed
configure:3456: checking dependency style of gcc
configure:3547: result: gcc3
configure:3563: checking for library containing strerror
configure:3604: gcc -o conftest -g -O2   conftest.c  >&5
configure:3610: $? = 0
configure:3638: result: none required
configure:3694: checking for gcc
configure:3721: result: gcc
configure:3959: checking for C compiler version
configure:3966: gcc --version >&5
gcc (Ubuntu 4.3.2-1ubuntu11) 4.3.2
Copyright (C) 2008 Free Software Foundation, Inc.
This is free software; see the source for copying conditions.  There is NO
warranty; not even for MERCHANTABILITY or FITNESS FOR A PARTICULAR PURPOSE.

configure:3969: $? = 0
configure:3976: gcc -v >&5
Using built-in specs.
Target: i486-linux-gnu
Configured with: ../src/configure -v --with-pkgversion='Ubuntu 4.3.2-1ubuntu11' --with-bugurl=file:///usr/share/doc/gcc-4.3/README.Bugs --enable-languages=c,c++,fortran,objc,obj-c++ --prefix=/usr --enable-shared --with-system-zlib --libexecdir=/usr/lib --without-included-gettext --enable-threads=posix --enable-nls --with-gxx-include-dir=/usr/include/c++/4.3 --program-suffix=-4.3 --enable-clocale=gnu --enable-libstdcxx-debug --enable-objc-gc --enable-mpfr --enable-targets=all --enable-checking=release --build=i486-linux-gnu --host=i486-linux-gnu --target=i486-linux-gnu
Thread model: posix
gcc version 4.3.2 (Ubuntu 4.3.2-1ubuntu11) 
configure:3979: $? = 0
configure:3986: gcc -V >&5
gcc: '-V' option must have argument
configure:3989: $? = 1
configure:3992: checking whether we are using the GNU C compiler
configure:4044: result: yes
configure:4049: checking whether gcc accepts -g
configure:4184: result: yes
configure:4201: checking for gcc option to accept ISO C89
configure:4304: result: none needed
configure:4324: checking dependency style of gcc
configure:4415: result: gcc3
configure:4478: checking for gcc
configure:4505: result: gcc
configure:4743: checking for C compiler version
configure:4750: gcc --version >&5
gcc (Ubuntu 4.3.2-1ubuntu11) 4.3.2
Copyright (C) 2008 Free Software Foundation, Inc.
This is free software; see the source for copying conditions.  There is NO
warranty; not even for MERCHANTABILITY or FITNESS FOR A PARTICULAR PURPOSE.

configure:4753: $? = 0
configure:4760: gcc -v >&5
Using built-in specs.
Target: i486-linux-gnu
Configured with: ../src/configure -v --with-pkgversion='Ubuntu 4.3.2-1ubuntu11' --with-bugurl=file:///usr/share/doc/gcc-4.3/README.Bugs --enable-languages=c,c++,fortran,objc,obj-c++ --prefix=/usr --enable-shared --with-system-zlib --libexecdir=/usr/lib --without-included-gettext --enable-threads=posix --enable-nls --with-gxx-include-dir=/usr/include/c++/4.3 --program-suffix=-4.3 --enable-clocale=gnu --enable-libstdcxx-debug --enable-objc-gc --enable-mpfr --enable-targets=all --enable-checking=release --build=i486-linux-gnu --host=i486-linux-gnu --target=i486-linux-gnu
Thread model: posix
gcc version 4.3.2 (Ubuntu 4.3.2-1ubuntu11) 
configure:4763: $? = 0
configure:4770: gcc -V >&5
gcc: '-V' option must have argument
configure:4773: $? = 1
configure:4776: checking whether we are using the GNU C compiler
configure:4828: result: yes
configure:4833: checking whether gcc accepts -g
configure:4968: result: yes
configure:4985: checking for gcc option to accept ISO C89
configure:5088: result: none needed
configure:5108: checking dependency style of gcc
configure:5199: result: gcc3
configure:5222: checking how to run the C preprocessor
configure:5262: gcc -E  conftest.c
configure:5268: $? = 0
configure:5299: gcc -E  conftest.c
conftest.c:10:28: error: ac_nonexistent.h: No such file or directory
configure:5305: $? = 1
configure: failed program was:
| /* confdefs.h.  */
| #define PACKAGE_NAME ""
| #define PACKAGE_TARNAME ""
| #define PACKAGE_VERSION ""
| #define PACKAGE_STRING ""
| #define PACKAGE_BUGREPORT ""
| #define PACKAGE "StackPack"
| #define VERSION "0.1"
| /* end confdefs.h.  */
| #include <ac_nonexistent.h>
configure:5338: result: gcc -E
configure:5367: gcc -E  conftest.c
configure:5373: $? = 0
configure:5404: gcc -E  conftest.c
conftest.c:10:28: error: ac_nonexistent.h: No such file or directory
configure:5410: $? = 1
configure: failed program was:
| /* confdefs.h.  */
| #define PACKAGE_NAME ""
| #define PACKAGE_TARNAME ""
| #define PACKAGE_VERSION ""
| #define PACKAGE_STRING ""
| #define PACKAGE_BUGREPORT ""
| #define PACKAGE "StackPack"
| #define VERSION "0.1"
| /* end confdefs.h.  */
| #include <ac_nonexistent.h>
configure:5448: checking for grep that handles long lines and -e
configure:5522: result: /bin/grep
configure:5527: checking for egrep
configure:5605: result: /bin/grep -E
configure:5610: checking for ANSI C header files
configure:5640: gcc -c -g -O2  conftest.c >&5
configure:5646: $? = 0
configure:5745: gcc -o conftest -g -O2   conftest.c  >&5
configure:5748: $? = 0
configure:5754: ./conftest
configure:5757: $? = 0
configure:5774: result: yes
configure:5808: checking for sys/types.h
configure:5829: gcc -c -g -O2  conftest.c >&5
configure:5835: $? = 0
configure:5851: result: yes
configure:5808: checking for sys/stat.h
configure:5829: gcc -c -g -O2  conftest.c >&5
configure:5835: $? = 0
configure:5851: result: yes
configure:5808: checking for stdlib.h
configure:5829: gcc -c -g -O2  conftest.c >&5
configure:5835: $? = 0
configure:5851: result: yes
configure:5808: checking for string.h
configure:5829: gcc -c -g -O2  conftest.c >&5
configure:5835: $? = 0
configure:5851: result: yes
configure:5808: checking for memory.h
configure:5829: gcc -c -g -O2  conftest.c >&5
configure:5835: $? = 0
configure:5851: result: yes
configure:5808: checking for strings.h
configure:5829: gcc -c -g -O2  conftest.c >&5
configure:5835: $? = 0
configure:5851: result: yes
configure:5808: checking for inttypes.h
configure:5829: gcc -c -g -O2  conftest.c >&5
configure:5835: $? = 0
configure:5851: result: yes
configure:5808: checking for stdint.h
configure:5829: gcc -c -g -O2  conftest.c >&5
configure:5835: $? = 0
configure:5851: result: yes
configure:5808: checking for unistd.h
configure:5829: gcc -c -g -O2  conftest.c >&5
configure:5835: $? = 0
configure:5851: result: yes
configure:5879: checking locale.h usability
configure:5896: gcc -c -g -O2  conftest.c >&5
configure:5902: $? = 0
configure:5916: result: yes
configure:5920: checking locale.h presence
configure:5935: gcc -E  conftest.c
configure:5941: $? = 0
configure:5955: result: yes
configure:5983: checking for locale.h
configure:5991: result: yes
configure:6005: checking for LC_MESSAGES
configure:6031: gcc -o conftest -g -O2   conftest.c  >&5
configure:6037: $? = 0
configure:6054: result: yes
configure:6083: checking libintl.h usability
configure:6100: gcc -c -g -O2  conftest.c >&5
configure:6106: $? = 0
configure:6120: result: yes
configure:6124: checking libintl.h presence
configure:6139: gcc -E  conftest.c
configure:6145: $? = 0
configure:6159: result: yes
configure:6187: checking for libintl.h
configure:6194: result: yes
configure:6205: checking for ngettext in libc
configure:6233: gcc -o conftest -g -O2   conftest.c  >&5
configure:6239: $? = 0
configure:6257: result: yes
configure:6261: checking for dgettext in libc
configure:6289: gcc -o conftest -g -O2   conftest.c  >&5
configure:6295: $? = 0
configure:6313: result: yes
configure:6322: checking for bind_textdomain_codeset
configure:6378: gcc -o conftest -g -O2   conftest.c  >&5
configure:6384: $? = 0
configure:6402: result: yes
configure:6889: checking for msgfmt
configure:6916: result: /usr/bin/msgfmt
configure:6929: checking for dcgettext
configure:6985: gcc -o conftest -g -O2   conftest.c   >&5
conftest.c:48: warning: conflicting types for built-in function 'dcgettext'
configure:6991: $? = 0
configure:7009: result: yes
configure:7020: checking if msgfmt accepts -c
configure:7035: $MSGFMT -c -o /dev/null conftest.foo
configure:7038: $? = 0
configure:7040: result: yes
configure:7050: checking for gmsgfmt
configure:7081: result: /usr/bin/msgfmt
configure:7091: checking for xgettext
configure:7118: result: /usr/bin/xgettext
configure:7147: gcc -o conftest -g -O2   conftest.c   >&5
configure:7153: $? = 0
configure:7458: checking build system type
configure:7476: result: i686-pc-linux-gnu
configure:7498: checking host system type
configure:7513: result: i686-pc-linux-gnu
configure:7535: checking for a sed that does not truncate output
configure:7591: result: /bin/sed
configure:7605: checking for ld used by gcc
configure:7672: result: /usr/bin/ld
configure:7681: checking if the linker (/usr/bin/ld) is GNU ld
configure:7696: result: yes
configure:7701: checking for /usr/bin/ld option to reload object files
configure:7708: result: -r
configure:7726: checking for BSD-compatible nm
configure:7775: result: /usr/bin/nm -B
configure:7779: checking whether ln -s works
configure:7783: result: yes
configure:7790: checking how to recognize dependent libraries
configure:7976: result: pass_all
configure:8230: checking dlfcn.h usability
configure:8247: gcc -c -g -O2  conftest.c >&5
configure:8253: $? = 0
configure:8267: result: yes
configure:8271: checking dlfcn.h presence
configure:8286: gcc -E  conftest.c
configure:8292: $? = 0
configure:8306: result: yes
configure:8334: checking for dlfcn.h
configure:8342: result: yes
configure:8413: checking for g++
configure:8429: found /usr/bin/g++
configure:8440: result: g++
configure:8471: checking for C++ compiler version
configure:8478: g++ --version >&5
g++ (Ubuntu 4.3.2-1ubuntu11) 4.3.2
Copyright (C) 2008 Free Software Foundation, Inc.
This is free software; see the source for copying conditions.  There is NO
warranty; not even for MERCHANTABILITY or FITNESS FOR A PARTICULAR PURPOSE.

configure:8481: $? = 0
configure:8488: g++ -v >&5
Using built-in specs.
Target: i486-linux-gnu
Configured with: ../src/configure -v --with-pkgversion='Ubuntu 4.3.2-1ubuntu11' --with-bugurl=file:///usr/share/doc/gcc-4.3/README.Bugs --enable-languages=c,c++,fortran,objc,obj-c++ --prefix=/usr --enable-shared --with-system-zlib --libexecdir=/usr/lib --without-included-gettext --enable-threads=posix --enable-nls --with-gxx-include-dir=/usr/include/c++/4.3 --program-suffix=-4.3 --enable-clocale=gnu --enable-libstdcxx-debug --enable-objc-gc --enable-mpfr --enable-targets=all --enable-checking=release --build=i486-linux-gnu --host=i486-linux-gnu --target=i486-linux-gnu
Thread model: posix
gcc version 4.3.2 (Ubuntu 4.3.2-1ubuntu11) 
configure:8491: $? = 0
configure:8498: g++ -V >&5
g++: '-V' option must have argument
configure:8501: $? = 1
configure:8504: checking whether we are using the GNU C++ compiler
configure:8533: g++ -c   conftest.cpp >&5
configure:8539: $? = 0
configure:8556: result: yes
configure:8561: checking whether g++ accepts -g
configure:8591: g++ -c -g  conftest.cpp >&5
configure:8597: $? = 0
configure:8696: result: yes
configure:8721: checking dependency style of g++
configure:8812: result: gcc3
configure:8837: checking how to run the C++ preprocessor
configure:8873: g++ -E  conftest.cpp
configure:8879: $? = 0
configure:8910: g++ -E  conftest.cpp
conftest.cpp:28:28: error: ac_nonexistent.h: No such file or directory
configure:8916: $? = 1
configure: failed program was:
| /* confdefs.h.  */
| #define PACKAGE_NAME ""
| #define PACKAGE_TARNAME ""
| #define PACKAGE_VERSION ""
| #define PACKAGE_STRING ""
| #define PACKAGE_BUGREPORT ""
| #define PACKAGE "StackPack"
| #define VERSION "0.1"
| #define STDC_HEADERS 1
| #define GETTEXT_PACKAGE "StackPack"
| #define HAVE_SYS_TYPES_H 1
| #define HAVE_SYS_STAT_H 1
| #define HAVE_STDLIB_H 1
| #define HAVE_STRING_H 1
| #define HAVE_MEMORY_H 1
| #define HAVE_STRINGS_H 1
| #define HAVE_INTTYPES_H 1
| #define HAVE_STDINT_H 1
| #define HAVE_UNISTD_H 1
| #define HAVE_LOCALE_H 1
| #define HAVE_LC_MESSAGES 1
| #define HAVE_BIND_TEXTDOMAIN_CODESET 1
| #define HAVE_GETTEXT 1
| #define HAVE_DCGETTEXT 1
| #define ENABLE_NLS 1
| #define HAVE_DLFCN_H 1
| /* end confdefs.h.  */
| #include <ac_nonexistent.h>
configure:8949: result: g++ -E
configure:8978: g++ -E  conftest.cpp
configure:8984: $? = 0
configure:9015: g++ -E  conftest.cpp
conftest.cpp:28:28: error: ac_nonexistent.h: No such file or directory
configure:9021: $? = 1
configure: failed program was:
| /* confdefs.h.  */
| #define PACKAGE_NAME ""
| #define PACKAGE_TARNAME ""
| #define PACKAGE_VERSION ""
| #define PACKAGE_STRING ""
| #define PACKAGE_BUGREPORT ""
| #define PACKAGE "StackPack"
| #define VERSION "0.1"
| #define STDC_HEADERS 1
| #define GETTEXT_PACKAGE "StackPack"
| #define HAVE_SYS_TYPES_H 1
| #define HAVE_SYS_STAT_H 1
| #define HAVE_STDLIB_H 1
| #define HAVE_STRING_H 1
| #define HAVE_MEMORY_H 1
| #define HAVE_STRINGS_H 1
| #define HAVE_INTTYPES_H 1
| #define HAVE_STDINT_H 1
| #define HAVE_UNISTD_H 1
| #define HAVE_LOCALE_H 1
| #define HAVE_LC_MESSAGES 1
| #define HAVE_BIND_TEXTDOMAIN_CODESET 1
| #define HAVE_GETTEXT 1
| #define HAVE_DCGETTEXT 1
| #define ENABLE_NLS 1
| #define HAVE_DLFCN_H 1
| /* end confdefs.h.  */
| #include <ac_nonexistent.h>
configure:9114: checking for g77
configure:9144: result: no
configure:9114: checking for xlf
configure:9144: result: no
configure:9114: checking for f77
configure:9144: result: no
configure:9114: checking for frt
configure:9144: result: no
configure:9114: checking for pgf77
configure:9144: result: no
configure:9114: checking for cf77
configure:9144: result: no
configure:9114: checking for fort77
configure:9144: result: no
configure:9114: checking for fl32
configure:9144: result: no
configure:9114: checking for af77
configure:9144: result: no
configure:9114: checking for xlf90
configure:9144: result: no
configure:9114: checking for f90
configure:9144: result: no
configure:9114: checking for pgf90
configure:9144: result: no
configure:9114: checking for pghpf
configure:9144: result: no
configure:9114: checking for epcf90
configure:9144: result: no
configure:9114: checking for gfortran
configure:9144: result: no
configure:9114: checking for g95
configure:9144: result: no
configure:9114: checking for xlf95
configure:9144: result: no
configure:9114: checking for f95
configure:9144: result: no
configure:9114: checking for fort
configure:9144: result: no
configure:9114: checking for ifort
configure:9144: result: no
configure:9114: checking for ifc
configure:9144: result: no
configure:9114: checking for efc
configure:9144: result: no
configure:9114: checking for pgf95
configure:9144: result: no
configure:9114: checking for lf95
configure:9144: result: no
configure:9114: checking for ftn
configure:9144: result: no
configure:9171: checking for Fortran 77 compiler version
configure:9178:  --version >&5
/home/wil/Projects/dev/StackPack/configure: line 9179: --version: command not found
configure:9181: $? = 127
configure:9188:  -v >&5
/home/wil/Projects/dev/StackPack/configure: line 9189: -v: command not found
configure:9191: $? = 127
configure:9198:  -V >&5
/home/wil/Projects/dev/StackPack/configure: line 9199: -V: command not found
configure:9201: $? = 127
configure:9209: checking whether we are using the GNU Fortran 77 compiler
configure:9228:  -c  conftest.F >&5
/home/wil/Projects/dev/StackPack/configure: line 9229: -c: command not found
configure:9234: $? = 127
configure: failed program was:
|       program main
| #ifndef __GNUC__
|        choke me
| #endif
| 
|       end
configure:9251: result: no
configure:9257: checking whether  accepts -g
configure:9274:  -c -g conftest.f >&5
/home/wil/Projects/dev/StackPack/configure: line 9275: -c: command not found
configure:9280: $? = 127
configure: failed program was:
|       program main
| 
|       end
configure:9296: result: no
configure:9325: checking the maximum length of command line arguments
configure:9437: result: 1572864
configure:9449: checking command to parse /usr/bin/nm -B output from gcc object
configure:9554: gcc -c -g -O2  conftest.c >&5
configure:9557: $? = 0
configure:9561: /usr/bin/nm -B conftest.o \| sed -n -e 's/^.*[ 	]\([ABCDGIRSTW][ABCDGIRSTW]*\)[ 	][ 	]*\([_A-Za-z][_A-Za-z0-9]*\)$/\1 \2 \2/p' \> conftest.nm
configure:9564: $? = 0
configure:9616: gcc -o conftest -g -O2   conftest.c conftstm.o >&5
configure:9619: $? = 0
configure:9657: result: ok
configure:9661: checking for objdir
configure:9676: result: .libs
configure:9768: checking for ar
configure:9784: found /usr/bin/ar
configure:9795: result: ar
configure:9864: checking for ranlib
configure:9880: found /usr/bin/ranlib
configure:9891: result: ranlib
configure:9960: checking for strip
configure:9976: found /usr/bin/strip
configure:9987: result: strip
configure:10585: checking if gcc supports -fno-rtti -fno-exceptions
configure:10603: gcc -c -g -O2  -fno-rtti -fno-exceptions conftest.c >&5
cc1: warning: command line option "-fno-rtti" is valid for C++/ObjC++ but not for C
configure:10607: $? = 0
configure:10620: result: no
configure:10635: checking for gcc option to produce PIC
configure:10867: result: -fPIC
configure:10875: checking if gcc PIC flag -fPIC works
configure:10893: gcc -c -g -O2  -fPIC -DPIC conftest.c >&5
configure:10897: $? = 0
configure:10910: result: yes
configure:10938: checking if gcc static flag -static works
configure:10966: result: yes
configure:10976: checking if gcc supports -c -o file.o
configure:10997: gcc -c -g -O2  -o out/conftest2.o conftest.c >&5
configure:11001: $? = 0
configure:11023: result: yes
configure:11049: checking whether the gcc linker (/usr/bin/ld) supports shared libraries
configure:12030: result: yes
configure:12051: checking whether -lc should be explicitly linked in
configure:12056: gcc -c -g -O2  conftest.c >&5
configure:12059: $? = 0
configure:12074: gcc -shared conftest.o  -v -Wl,-soname -Wl,conftest -o conftest 2\>\&1 \| grep  -lc  \>/dev/null 2\>\&1
configure:12077: $? = 0
configure:12089: result: no
configure:12097: checking dynamic linker characteristics
configure:12711: result: GNU/Linux ld.so
configure:12735: checking how to hardcode library paths into programs
configure:12760: result: immediate
configure:12774: checking whether stripping libraries is possible
configure:12779: result: yes
configure:13581: checking if libtool supports shared libraries
configure:13583: result: yes
configure:13586: checking whether to build shared libraries
configure:13607: result: yes
configure:13610: checking whether to build static libraries
configure:13614: result: yes
configure:13708: creating libtool
configure:14301: checking for ld used by g++
configure:14368: result: /usr/bin/ld
configure:14377: checking if the linker (/usr/bin/ld) is GNU ld
configure:14392: result: yes
configure:14443: checking whether the g++ linker (/usr/bin/ld) supports shared libraries
configure:15389: result: yes
configure:15406: g++ -c -g -O2  conftest.cpp >&5
configure:15409: $? = 0
configure:15565: checking for g++ option to produce PIC
configure:15849: result: -fPIC
configure:15857: checking if g++ PIC flag -fPIC works
configure:15875: g++ -c -g -O2  -fPIC -DPIC conftest.cpp >&5
configure:15879: $? = 0
configure:15892: result: yes
configure:15920: checking if g++ static flag -static works
configure:15948: result: yes
configure:15958: checking if g++ supports -c -o file.o
configure:15979: g++ -c -g -O2  -o out/conftest2.o conftest.cpp >&5
configure:15983: $? = 0
configure:16005: result: yes
configure:16031: checking whether the g++ linker (/usr/bin/ld) supports shared libraries
configure:16060: result: yes
configure:16127: checking dynamic linker characteristics
configure:16689: result: GNU/Linux ld.so
configure:16713: checking how to hardcode library paths into programs
configure:16738: result: immediate
configure:23035: checking for pkg-config
configure:23053: found /usr/bin/pkg-config
configure:23065: result: /usr/bin/pkg-config
configure:23094: checking pkg-config is at least version 0.9.0
configure:23097: result: yes
configure:23108: checking for PACKAGE
configure:23116: $PKG_CONFIG --exists --print-errors "gtk+-2.0 gdk-2.0 libgnome-2.0"
configure:23119: $? = 0
configure:23134: $PKG_CONFIG --exists --print-errors "gtk+-2.0 gdk-2.0 libgnome-2.0"
configure:23137: $? = 0
configure:23213: result: yes
configure:23444: creating ./config.status

## ---------------------- ##
## Running config.status. ##
## ---------------------- ##

This file was extended by config.status, which was
generated by GNU Autoconf 2.61.  Invocation command line was

  CONFIG_FILES    = 
  CONFIG_HEADERS  = 
  CONFIG_LINKS    = 
  CONFIG_COMMANDS = 
  $ ./config.status 

on williambell

config.status:701: creating Makefile
config.status:701: creating po/Makefile.in
config.status:701: creating src/Makefile
config.status:701: creating config.h
config.status:942: config.h is unchanged
config.status:989: executing depfiles commands
config.status:989: executing default-1 commands

## ---------------- ##
## Cache variables. ##
## ---------------- ##

ac_cv_build=i686-pc-linux-gnu
ac_cv_c_compiler_gnu=yes
ac_cv_cxx_compiler_gnu=yes
ac_cv_env_CCC_set=
ac_cv_env_CCC_value=
ac_cv_env_CC_set=
ac_cv_env_CC_value=
ac_cv_env_CFLAGS_set=
ac_cv_env_CFLAGS_value=
ac_cv_env_CPPFLAGS_set=
ac_cv_env_CPPFLAGS_value=
ac_cv_env_CPP_set=
ac_cv_env_CPP_value=
ac_cv_env_CXXCPP_set=
ac_cv_env_CXXCPP_value=
ac_cv_env_CXXFLAGS_set=
ac_cv_env_CXXFLAGS_value=
ac_cv_env_CXX_set=
ac_cv_env_CXX_value=
ac_cv_env_F77_set=
ac_cv_env_F77_value=
ac_cv_env_FFLAGS_set=
ac_cv_env_FFLAGS_value=
ac_cv_env_LDFLAGS_set=
ac_cv_env_LDFLAGS_value=
ac_cv_env_LIBS_set=
ac_cv_env_LIBS_value=
ac_cv_env_PACKAGE_CFLAGS_set=
ac_cv_env_PACKAGE_CFLAGS_value=
ac_cv_env_PACKAGE_LIBS_set=
ac_cv_env_PACKAGE_LIBS_value=
ac_cv_env_PKG_CONFIG_set=
ac_cv_env_PKG_CONFIG_value=
ac_cv_env_build_alias_set=
ac_cv_env_build_alias_value=
ac_cv_env_host_alias_set=
ac_cv_env_host_alias_value=
ac_cv_env_target_alias_set=
ac_cv_env_target_alias_value=
ac_cv_f77_compiler_gnu=no
ac_cv_func_bind_textdomain_codeset=yes
ac_cv_func_dcgettext=yes
ac_cv_header_dlfcn_h=yes
ac_cv_header_inttypes_h=yes
ac_cv_header_libintl_h=yes
ac_cv_header_locale_h=yes
ac_cv_header_memory_h=yes
ac_cv_header_stdc=yes
ac_cv_header_stdint_h=yes
ac_cv_header_stdlib_h=yes
ac_cv_header_string_h=yes
ac_cv_header_strings_h=yes
ac_cv_header_sys_stat_h=yes
ac_cv_header_sys_types_h=yes
ac_cv_header_unistd_h=yes
ac_cv_host=i686-pc-linux-gnu
ac_cv_objext=o
ac_cv_path_EGREP='/bin/grep -E'
ac_cv_path_GMSGFMT=/usr/bin/msgfmt
ac_cv_path_GREP=/bin/grep
ac_cv_path_MSGFMT=/usr/bin/msgfmt
ac_cv_path_XGETTEXT=/usr/bin/xgettext
ac_cv_path_ac_pt_PKG_CONFIG=/usr/bin/pkg-config
ac_cv_path_install='/usr/bin/install -c'
ac_cv_path_mkdir=/bin/mkdir
ac_cv_prog_AWK=gawk
ac_cv_prog_CPP='gcc -E'
ac_cv_prog_CXXCPP='g++ -E'
ac_cv_prog_ac_ct_AR=ar
ac_cv_prog_ac_ct_CC=gcc
ac_cv_prog_ac_ct_CXX=g++
ac_cv_prog_ac_ct_RANLIB=ranlib
ac_cv_prog_ac_ct_STRIP=strip
ac_cv_prog_cc_c89=
ac_cv_prog_cc_g=yes
ac_cv_prog_cxx_g=yes
ac_cv_prog_f77_g=no
ac_cv_prog_make_make_set=yes
ac_cv_search_strerror='none required'
am_cv_CC_dependencies_compiler_type=gcc3
am_cv_CXX_dependencies_compiler_type=gcc3
am_cv_prog_cc_stdc=
am_cv_val_LC_MESSAGES=yes
gt_cv_func_dgettext_libc=yes
gt_cv_func_dgettext_libintl=no
gt_cv_func_ngettext_libc=yes
gt_cv_have_gettext=yes
lt_cv_deplibs_check_method=pass_all
lt_cv_file_magic_cmd='$MAGIC_CMD'
lt_cv_file_magic_test_file=
lt_cv_ld_reload_flag=-r
lt_cv_objdir=.libs
lt_cv_path_LD=/usr/bin/ld
lt_cv_path_LDCXX=/usr/bin/ld
lt_cv_path_NM='/usr/bin/nm -B'
lt_cv_path_SED=/bin/sed
lt_cv_prog_compiler_c_o=yes
lt_cv_prog_compiler_c_o_CXX=yes
lt_cv_prog_compiler_pic_works=yes
lt_cv_prog_compiler_pic_works_CXX=yes
lt_cv_prog_compiler_rtti_exceptions=no
lt_cv_prog_compiler_static_works=yes
lt_cv_prog_compiler_static_works_CXX=yes
lt_cv_prog_gnu_ld=yes
lt_cv_prog_gnu_ldcxx=yes
lt_cv_sys_global_symbol_pipe='sed -n -e '\''s/^.*[ 	]\([ABCDGIRSTW][ABCDGIRSTW]*\)[ 	][ 	]*\([_A-Za-z][_A-Za-z0-9]*\)$/\1 \2 \2/p'\'''
lt_cv_sys_global_symbol_to_c_name_address='sed -n -e '\''s/^: \([^ ]*\) $/  {\"\1\", (lt_ptr) 0},/p'\'' -e '\''s/^[BCDEGRST] \([^ ]*\) \([^ ]*\)$/  {"\2", (lt_ptr) \&\2},/p'\'''
lt_cv_sys_global_symbol_to_cdecl='sed -n -e '\''s/^. .* \(.*\)$/extern int \1;/p'\'''
lt_cv_sys_lib_dlsearch_path_spec='/lib /usr/lib /lib/i486-linux-gnu /usr/lib/i486-linux-gnu /usr/lib/alsa-lib /usr/local/lib '
lt_cv_sys_lib_search_path_spec='/usr/lib/gcc/i486-linux-gnu/4.3.2 /usr/lib /lib'
lt_cv_sys_max_cmd_len=1572864
lt_lt_cv_prog_compiler_c_o='"yes"'
lt_lt_cv_prog_compiler_c_o_CXX='"yes"'
lt_lt_cv_sys_global_symbol_pipe='"sed -n -e '\''s/^.*[ 	]\\([ABCDGIRSTW][ABCDGIRSTW]*\\)[ 	][ 	]*\\([_A-Za-z][_A-Za-z0-9]*\\)\$/\\1 \\2 \\2/p'\''"'
lt_lt_cv_sys_global_symbol_to_c_name_address='"sed -n -e '\''s/^: \\([^ ]*\\) \$/  {\\\"\\1\\\", (lt_ptr) 0},/p'\'' -e '\''s/^[BCDEGRST] \\([^ ]*\\) \\([^ ]*\\)\$/  {\"\\2\", (lt_ptr) \\&\\2},/p'\''"'
lt_lt_cv_sys_global_symbol_to_cdecl='"sed -n -e '\''s/^. .* \\(.*\\)\$/extern int \\1;/p'\''"'
pkg_cv_PACKAGE_CFLAGS='-DORBIT2=1 -pthread -I/usr/include/gtk-2.0 -I/usr/lib/gtk-2.0/include -I/usr/include/atk-1.0 -I/usr/include/cairo -I/usr/include/pango-1.0 -I/usr/include/glib-2.0 -I/usr/lib/glib-2.0/include -I/usr/include/pixman-1 -I/usr/include/freetype2 -I/usr/include/libpng12 -I/usr/include/libgnome-2.0 -I/usr/include/orbit-2.0 -I/usr/include/gconf/2 -I/usr/include/gnome-vfs-2.0 -I/usr/lib/gnome-vfs-2.0/include -I/usr/include/libbonobo-2.0 -I/usr/include/dbus-1.0 -I/usr/lib/dbus-1.0/include -I/usr/include/bonobo-activation-2.0  '
pkg_cv_PACKAGE_LIBS='-pthread -lgtk-x11-2.0 -latk-1.0 -lpangoft2-1.0 -lfreetype -lz -lfontconfig -lgdk-x11-2.0 -lgdk_pixbuf-2.0 -lm -lpangocairo-1.0 -lgio-2.0 -lpango-1.0 -lcairo -lgnome-2 -lpopt -lbonobo-2 -lbonobo-activation -lgmodule-2.0 -lORBit-2 -lgthread-2.0 -lrt -lgobject-2.0 -lglib-2.0  '

## ----------------- ##
## Output variables. ##
## ----------------- ##

ACLOCAL='${SHELL} /home/wil/Projects/dev/StackPack/missing --run aclocal-1.10'
AMDEPBACKSLASH='\'
AMDEP_FALSE='#'
AMDEP_TRUE=''
AMTAR='${SHELL} /home/wil/Projects/dev/StackPack/missing --run tar'
AR='ar'
AUTOCONF='${SHELL} /home/wil/Projects/dev/StackPack/missing --run autoconf'
AUTOHEADER='${SHELL} /home/wil/Projects/dev/StackPack/missing --run autoheader'
AUTOMAKE='${SHELL} /home/wil/Projects/dev/StackPack/missing --run automake-1.10'
AWK='gawk'
CATALOGS=''
CATOBJEXT='.gmo'
CC='gcc'
CCDEPMODE='depmode=gcc3'
CFLAGS='-g -O2'
CPP='gcc -E'
CPPFLAGS=''
CXX='g++'
CXXCPP='g++ -E'
CXXDEPMODE='depmode=gcc3'
CXXFLAGS='-g -O2'
CYGPATH_W='echo'
DATADIRNAME='share'
DEFS='-DHAVE_CONFIG_H'
DEPDIR='.deps'
DSYMUTIL=''
ECHO='echo'
ECHO_C=''
ECHO_N='-n'
ECHO_T=''
EGREP='/bin/grep -E'
EXEEXT=''
F77=''
FFLAGS=''
GETTEXT_PACKAGE='StackPack'
GMOFILES=''
GMSGFMT='/usr/bin/msgfmt'
GREP='/bin/grep'
INSTALL_DATA='${INSTALL} -m 644'
INSTALL_PROGRAM='${INSTALL}'
INSTALL_SCRIPT='${INSTALL}'
INSTALL_STRIP_PROGRAM='$(install_sh) -c -s'
INSTOBJEXT='.mo'
INTLLIBS=''
LDFLAGS=''
LIBOBJS=''
LIBS=''
LIBTOOL='$(SHELL) $(top_builddir)/libtool'
LN_S='ln -s'
LTLIBOBJS=''
MAINT='#'
MAINTAINER_MODE_FALSE=''
MAINTAINER_MODE_TRUE='#'
MAKEINFO='${SHELL} /home/wil/Projects/dev/StackPack/missing --run makeinfo'
MKINSTALLDIRS='./mkinstalldirs'
MSGFMT='/usr/bin/msgfmt'
MSGFMT_OPTS='-c'
NMEDIT=''
NO_PREFIX_PACKAGE_DATA_DIR='share'
NO_PREFIX_PACKAGE_DOC_DIR='doc/StackPack'
NO_PREFIX_PACKAGE_HELP_DIR='share/help'
NO_PREFIX_PACKAGE_MENU_DIR='share'
NO_PREFIX_PACKAGE_PIXMAPS_DIR='share/pixmaps'
OBJEXT='o'
PACKAGE='StackPack'
PACKAGE_BUGREPORT=''
PACKAGE_CFLAGS='-DORBIT2=1 -pthread -I/usr/include/gtk-2.0 -I/usr/lib/gtk-2.0/include -I/usr/include/atk-1.0 -I/usr/include/cairo -I/usr/include/pango-1.0 -I/usr/include/glib-2.0 -I/usr/lib/glib-2.0/include -I/usr/include/pixman-1 -I/usr/include/freetype2 -I/usr/include/libpng12 -I/usr/include/libgnome-2.0 -I/usr/include/orbit-2.0 -I/usr/include/gconf/2 -I/usr/include/gnome-vfs-2.0 -I/usr/lib/gnome-vfs-2.0/include -I/usr/include/libbonobo-2.0 -I/usr/include/dbus-1.0 -I/usr/lib/dbus-1.0/include -I/usr/include/bonobo-activation-2.0  '
PACKAGE_DATA_DIR='/usr/local/share'
PACKAGE_DOC_DIR='/usr/local/doc/StackPack'
PACKAGE_HELP_DIR='/usr/local/share/help'
PACKAGE_LIBS='-pthread -lgtk-x11-2.0 -latk-1.0 -lpangoft2-1.0 -lfreetype -lz -lfontconfig -lgdk-x11-2.0 -lgdk_pixbuf-2.0 -lm -lpangocairo-1.0 -lgio-2.0 -lpango-1.0 -lcairo -lgnome-2 -lpopt -lbonobo-2 -lbonobo-activation -lgmodule-2.0 -lORBit-2 -lgthread-2.0 -lrt -lgobject-2.0 -lglib-2.0  '
PACKAGE_MENU_DIR='/usr/local/share'
PACKAGE_NAME=''
PACKAGE_PIXMAPS_DIR='/usr/local/share/pixmaps'
PACKAGE_STRING=''
PACKAGE_TARNAME=''
PACKAGE_VERSION=''
PATH_SEPARATOR=':'
PKG_CONFIG='/usr/bin/pkg-config'
POFILES=''
POSUB='po'
PO_IN_DATADIR_FALSE=''
PO_IN_DATADIR_TRUE=''
RANLIB='ranlib'
SED='/bin/sed'
SET_MAKE=''
SHELL='/bin/bash'
STRIP='strip'
USE_NLS='yes'
VERSION='0.1'
XGETTEXT='/usr/bin/xgettext'
ac_ct_CC='gcc'
ac_ct_CXX='g++'
ac_ct_F77=''
am__fastdepCC_FALSE='#'
am__fastdepCC_TRUE=''
am__fastdepCXX_FALSE='#'
am__fastdepCXX_TRUE=''
am__include='include'
am__isrc=''
am__leading_dot='.'
am__quote=''
am__tar='${AMTAR} chof - "$$tardir"'
am__untar='${AMTAR} xf -'
bindir='${exec_prefix}/bin'
build='i686-pc-linux-gnu'
build_alias=''
build_cpu='i686'
build_os='linux-gnu'
build_vendor='pc'
datadir='${datarootdir}'
datarootdir='${prefix}/share'
docdir='${datarootdir}/doc/${PACKAGE}'
dvidir='${docdir}'
exec_prefix='${prefix}'
host='i686-pc-linux-gnu'
host_alias=''
host_cpu='i686'
host_os='linux-gnu'
host_vendor='pc'
htmldir='${docdir}'
includedir='${prefix}/include'
infodir='${datarootdir}/info'
install_sh='$(SHELL) /home/wil/Projects/dev/StackPack/install-sh'
libdir='${exec_prefix}/lib'
libexecdir='${exec_prefix}/libexec'
localedir='${datarootdir}/locale'
localstatedir='${prefix}/var'
mandir='${datarootdir}/man'
mkdir_p='/bin/mkdir -p'
oldincludedir='/usr/include'
pdfdir='${docdir}'
prefix='/usr/local'
program_transform_name='s,x,x,'
psdir='${docdir}'
sbindir='${exec_prefix}/sbin'
sharedstatedir='${prefix}/com'
sysconfdir='${prefix}/etc'
target_alias=''

## ----------- ##
## confdefs.h. ##
## ----------- ##

#define PACKAGE_NAME ""
#define PACKAGE_TARNAME ""
#define PACKAGE_VERSION ""
#define PACKAGE_STRING ""
#define PACKAGE_BUGREPORT ""
#define PACKAGE "StackPack"
#define VERSION "0.1"
#define STDC_HEADERS 1
#define GETTEXT_PACKAGE "StackPack"
#define HAVE_SYS_TYPES_H 1
#define HAVE_SYS_STAT_H 1
#define HAVE_STDLIB_H 1
#define HAVE_STRING_H 1
#define HAVE_MEMORY_H 1
#define HAVE_STRINGS_H 1
#define HAVE_INTTYPES_H 1
#define HAVE_STDINT_H 1
#define HAVE_UNISTD_H 1
#define HAVE_LOCALE_H 1
#define HAVE_LC_MESSAGES 1
#define HAVE_BIND_TEXTDOMAIN_CODESET 1
#define HAVE_GETTEXT 1
#define HAVE_DCGETTEXT 1
#define ENABLE_NLS 1
#define HAVE_DLFCN_H 1
#define PACKAGE_LOCALE_DIR "/usr/local/share/locale"
#define PACKAGE_DATA_DIR "/usr/local/share"
#define PACKAGE_DOC_DIR "/usr/local/doc/StackPack"
#define PACKAGE_PIXMAPS_DIR "/usr/local/share/pixmaps"
#define PACKAGE_HELP_DIR "/usr/local/share/help"
#define PACKAGE_MENU_DIR "/usr/local/share"
#define PACKAGE_SOURCE_DIR "/home/wil/Projects/dev/StackPack"

configure: exit 0
